[debug] [2024-03-17T15:39:57.597Z] ----------------------------------------------------------------------
[debug] [2024-03-17T15:39:57.600Z] Command:       C:\Program Files\nodejs\node.exe C:\Users\Phirom_K\AppData\Roaming\npm\node_modules\firebase-tools\lib\bin\firebase.js init
[debug] [2024-03-17T15:39:57.600Z] CLI Version:   13.5.1
[debug] [2024-03-17T15:39:57.601Z] Platform:      win32
[debug] [2024-03-17T15:39:57.601Z] Node Version:  v20.10.0
[debug] [2024-03-17T15:39:57.601Z] Time:          Sun Mar 17 2024 22:39:57 GMT+0700 (Indochina Time)
[debug] [2024-03-17T15:39:57.601Z] ----------------------------------------------------------------------
[debug] 
[debug] [2024-03-17T15:39:57.605Z] > command requires scopes: ["email","openid","https://www.googleapis.com/auth/cloudplatformprojects.readonly","https://www.googleapis.com/auth/firebase","https://www.googleapis.com/auth/cloud-platform"]
[debug] [2024-03-17T15:39:57.606Z] > authorizing via signed-in user (phiromkong2002@gmail.com)
[info] 
     ######## #### ########  ######## ########     ###     ######  ########
     ##        ##  ##     ## ##       ##     ##  ##   ##  ##       ##
     ######    ##  ########  ######   ########  #########  ######  ######
     ##        ##  ##    ##  ##       ##     ## ##     ##       ## ##
     ##       #### ##     ## ######## ########  ##     ##  ######  ########

You're about to initialize a Firebase project in this directory:

  D:\Internship\green-biz-technology-school-website

[info] 
=== Project Setup
[info] 
[info] First, let's associate this project directory with a Firebase project.
[info] You can create multiple project aliases by running firebase use --add, 
[info] but for now we'll just set up a default project.
[info] 
[debug] [2024-03-17T15:40:06.113Z] > refreshing access token with scopes: []
[debug] [2024-03-17T15:40:06.116Z] >>> [apiv2][query] POST https://www.googleapis.com/oauth2/v3/token [none]
[debug] [2024-03-17T15:40:06.116Z] >>> [apiv2][body] POST https://www.googleapis.com/oauth2/v3/token [omitted]
[debug] [2024-03-17T15:40:06.364Z] <<< [apiv2][status] POST https://www.googleapis.com/oauth2/v3/token 200
[debug] [2024-03-17T15:40:06.365Z] <<< [apiv2][body] POST https://www.googleapis.com/oauth2/v3/token [omitted]
[debug] [2024-03-17T15:40:06.385Z] >>> [apiv2][query] GET https://firebase.googleapis.com/v1beta1/projects pageSize=100
[debug] [2024-03-17T15:40:07.140Z] <<< [apiv2][status] GET https://firebase.googleapis.com/v1beta1/projects 200
[debug] [2024-03-17T15:40:07.141Z] <<< [apiv2][body] GET https://firebase.googleapis.com/v1beta1/projects [omitted]
[info] i  Using project green-biz-technology-sch-58fb8 (Green Biz Technology School) 
[info] 
=== Hosting Setup
[debug] [2024-03-17T15:40:09.878Z] >>> [apiv2][query] GET https://firebase.googleapis.com/v1beta1/projects/green-biz-technology-sch-58fb8 [none]
[debug] [2024-03-17T15:40:10.409Z] <<< [apiv2][status] GET https://firebase.googleapis.com/v1beta1/projects/green-biz-technology-sch-58fb8 200
[debug] [2024-03-17T15:40:10.409Z] <<< [apiv2][body] GET https://firebase.googleapis.com/v1beta1/projects/green-biz-technology-sch-58fb8 {"projectId":"green-biz-technology-sch-58fb8","projectNumber":"124295713356","displayName":"Green Biz Technology School","name":"projects/green-biz-technology-sch-58fb8","resources":{"hostingSite":"green-biz-technology-sch-58fb8","storageBucket":"green-biz-technology-sch-58fb8.appspot.com","locationId":"asia-southeast1"},"state":"ACTIVE","etag":"1_af874fb2-e355-4381-9c58-3a8cc0d4a055"}
[info] 
[info] Your public directory is the folder (relative to your project directory) that
[info] will contain Hosting assets to be uploaded with firebase deploy. If you
[info] have a build process for your assets, use your build's output directory.
[info] 
[info] +  Wrote (public)/404.html 
[debug] [2024-03-17T15:40:34.173Z] >>> [apiv2][query] GET https://www.gstatic.com/firebasejs/releases.json [none]
[debug] [2024-03-17T15:40:34.352Z] <<< [apiv2][status] GET https://www.gstatic.com/firebasejs/releases.json 200
[debug] [2024-03-17T15:40:34.352Z] <<< [apiv2][body] GET https://www.gstatic.com/firebasejs/releases.json {"current":{"version":"10.9.0","browserURL":"https://www.gstatic.com/firebasejs/10.9.0/firebase.js","packageURL":"https://www.gstatic.com/firebasejs/10.9.0/firebase.tgz"},"live":{"version":"10.9","browserURL":"https://www.gstatic.com/firebasejs/live/10.9/firebase.js","packageURL":"https://www.gstatic.com/firebasejs/live/10.9/firebase.tgz"},"components":{"analytics":"https://www.gstatic.com/firebasejs/10.9.0/firebase-analytics.js","app":"https://www.gstatic.com/firebasejs/10.9.0/firebase-app.js","app-check":"https://www.gstatic.com/firebasejs/10.9.0/firebase-app-check.js","auth":"https://www.gstatic.com/firebasejs/10.9.0/firebase-auth.js","auth/cordova":"https://www.gstatic.com/firebasejs/10.9.0/firebase-auth/cordova.js","auth/web-extension":"https://www.gstatic.com/firebasejs/10.9.0/firebase-auth/web-extension.js","functions":"https://www.gstatic.com/firebasejs/10.9.0/firebase-functions.js","firestore":"https://www.gstatic.com/firebasejs/10.9.0/firebase-firestore.js","firestore/lite":"https://www.gstatic.com/firebasejs/10.9.0/firebase-firestore/lite.js","installations":"https://www.gstatic.com/firebasejs/10.9.0/firebase-installations.js","storage":"https://www.gstatic.com/firebasejs/10.9.0/firebase-storage.js","performance":"https://www.gstatic.com/firebasejs/10.9.0/firebase-performance.js","remote-config":"https://www.gstatic.com/firebasejs/10.9.0/firebase-remote-config.js","messaging":"https://www.gstatic.com/firebasejs/10.9.0/firebase-messaging.js","messaging/sw":"https://www.gstatic.com/firebasejs/10.9.0/firebase-messaging/sw.js","database":"https://www.gstatic.com/firebasejs/10.9.0/firebase-database.js","firestore.memory":"https://www.gstatic.com/firebasejs/10.9.0/firebase-firestore.memory.js"}}
[info] +  Wrote (public)/index.html 
[info] 
[info] i  Detected a .git folder at D:\Internship\green-biz-technology-school-website 
[info] i  Authorizing with GitHub to upload your service account to a GitHub repository's secrets store. 
[info] 
[info] Visit this URL on this device to log in:
[info] https://github.com/login/oauth/authorize?client_id=89cf50f02ac6aaed3484&state=93949290&redirect_uri=http%3A%2F%2Flocalhost%3A9005&scope=read%3Auser%20repo%20public_repo
[info] 
[info] Waiting for authentication...
[debug] [2024-03-17T15:40:44.742Z] >>> [apiv2][query] POST https://github.com/login/oauth/access_token [none]
[debug] [2024-03-17T15:40:44.743Z] >>> [apiv2][body] POST https://github.com/login/oauth/access_token [stream]
[debug] [2024-03-17T15:40:45.280Z] <<< [apiv2][status] POST https://github.com/login/oauth/access_token 200
[debug] [2024-03-17T15:40:45.281Z] <<< [apiv2][body] POST https://github.com/login/oauth/access_token {"access_token":"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","token_type":"bearer","scope":"read:user,repo"}
[debug] [2024-03-17T15:40:45.290Z] >>> [apiv2][query] GET https://api.github.com/user [none]
[debug] [2024-03-17T15:40:45.821Z] <<< [apiv2][status] GET https://api.github.com/user 200
[debug] [2024-03-17T15:40:45.821Z] <<< [apiv2][body] GET https://api.github.com/user {"login":"phiromkong","id":102886393,"node_id":"U_kgDOBiHr-Q","avatar_url":"https://avatars.githubusercontent.com/u/102886393?v=4","gravatar_id":"","url":"https://api.github.com/users/phiromkong","html_url":"https://github.com/phiromkong","followers_url":"https://api.github.com/users/phiromkong/followers","following_url":"https://api.github.com/users/phiromkong/following{/other_user}","gists_url":"https://api.github.com/users/phiromkong/gists{/gist_id}","starred_url":"https://api.github.com/users/phiromkong/starred{/owner}{/repo}","subscriptions_url":"https://api.github.com/users/phiromkong/subscriptions","organizations_url":"https://api.github.com/users/phiromkong/orgs","repos_url":"https://api.github.com/users/phiromkong/repos","events_url":"https://api.github.com/users/phiromkong/events{/privacy}","received_events_url":"https://api.github.com/users/phiromkong/received_events","type":"User","site_admin":false,"name":null,"company":null,"blog":"","location":null,"email":null,"hireable":null,"bio":null,"twitter_username":null,"public_repos":3,"public_gists":0,"followers":0,"following":0,"created_at":"2022-04-03T01:43:52Z","updated_at":"2024-03-17T15:40:42Z","private_gists":0,"total_private_repos":5,"owned_private_repos":5,"disk_usage":110188,"collaborators":4,"two_factor_authentication":false,"plan":{"name":"pro","space":976562499,"collaborators":0,"private_repos":9999}}
[info] 
[info] +  Success! Logged into GitHub as phiromkong 
[info] 
[debug] [2024-03-17T15:41:33.106Z] >>> [apiv2][query] GET https://api.github.com/repos/phiromkong/green-biz-technology-school-website/actions/secrets/public-key type=owner
[debug] [2024-03-17T15:41:33.574Z] <<< [apiv2][status] GET https://api.github.com/repos/phiromkong/green-biz-technology-school-website/actions/secrets/public-key 404
[debug] [2024-03-17T15:41:33.574Z] <<< [apiv2][body] GET https://api.github.com/repos/phiromkong/green-biz-technology-school-website/actions/secrets/public-key {"message":"Not Found","documentation_url":"https://docs.github.com/rest/actions/secrets#get-a-repository-public-key"}
[info] 
[info] 
[error] !  The provided authorization cannot be used with this repository. If this repository is in an organization, did you remember to grant access? 
[info] 
[info] i  Action required: Visit this URL to ensure access has been granted to the appropriate organization(s) for the Firebase CLI GitHub OAuth App: 
[info] https://github.com/settings/connections/applications/89cf50f02ac6aaed3484
[info] 
[debug] [2024-03-17T15:41:47.969Z] >>> [apiv2][query] GET https://api.github.com/repos/phiromkong/green-biz-technology-school-website/actions/secrets/public-key type=owner
[debug] [2024-03-17T15:41:48.466Z] <<< [apiv2][status] GET https://api.github.com/repos/phiromkong/green-biz-technology-school-website/actions/secrets/public-key 404
[debug] [2024-03-17T15:41:48.466Z] <<< [apiv2][body] GET https://api.github.com/repos/phiromkong/green-biz-technology-school-website/actions/secrets/public-key {"message":"Not Found","documentation_url":"https://docs.github.com/rest/actions/secrets#get-a-repository-public-key"}
[info] 
[info] 
[error] !  The provided authorization cannot be used with this repository. If this repository is in an organization, did you remember to grant access? 
[info] 
[info] i  Action required: Visit this URL to ensure access has been granted to the appropriate organization(s) for the Firebase CLI GitHub OAuth App: 
[info] https://github.com/settings/connections/applications/89cf50f02ac6aaed3484
[info] 
[debug] [2024-03-17T15:44:17.552Z] >>> [apiv2][query] GET https://api.github.com/repos/phiromkong/green-biz-technology-school-website/actions/secrets/public-key type=owner
[debug] [2024-03-17T15:44:18.161Z] <<< [apiv2][status] GET https://api.github.com/repos/phiromkong/green-biz-technology-school-website/actions/secrets/public-key 404
[debug] [2024-03-17T15:44:18.161Z] <<< [apiv2][body] GET https://api.github.com/repos/phiromkong/green-biz-technology-school-website/actions/secrets/public-key {"message":"Not Found","documentation_url":"https://docs.github.com/rest/actions/secrets#get-a-repository-public-key"}
[info] 
[info] 
[error] !  The provided authorization cannot be used with this repository. If this repository is in an organization, did you remember to grant access? 
[info] 
[info] i  Action required: Visit this URL to ensure access has been granted to the appropriate organization(s) for the Firebase CLI GitHub OAuth App: 
[info] https://github.com/settings/connections/applications/89cf50f02ac6aaed3484
[info] 
[debug] [2024-03-17T15:44:22.331Z] >>> [apiv2][query] GET https://api.github.com/repos/phiromkong/green-biz-technology-school-website/actions/secrets/public-key type=owner
[debug] [2024-03-17T15:44:22.675Z] <<< [apiv2][status] GET https://api.github.com/repos/phiromkong/green-biz-technology-school-website/actions/secrets/public-key 404
[debug] [2024-03-17T15:44:22.675Z] <<< [apiv2][body] GET https://api.github.com/repos/phiromkong/green-biz-technology-school-website/actions/secrets/public-key {"message":"Not Found","documentation_url":"https://docs.github.com/rest/actions/secrets#get-a-repository-public-key"}
[info] 
[info] 
[error] !  The provided authorization cannot be used with this repository. If this repository is in an organization, did you remember to grant access? 
[info] 
[info] i  Action required: Visit this URL to ensure access has been granted to the appropriate organization(s) for the Firebase CLI GitHub OAuth App: 
[info] https://github.com/settings/connections/applications/89cf50f02ac6aaed3484
[info] 
[debug] [2024-03-17T15:44:43.460Z] ----------------------------------------------------------------------
[debug] [2024-03-17T15:44:43.463Z] Command:       C:\Program Files\nodejs\node.exe C:\Users\Phirom_K\AppData\Roaming\npm\node_modules\firebase-tools\lib\bin\firebase.js init
[debug] [2024-03-17T15:44:43.464Z] CLI Version:   13.5.1
[debug] [2024-03-17T15:44:43.464Z] Platform:      win32
[debug] [2024-03-17T15:44:43.464Z] Node Version:  v20.10.0
[debug] [2024-03-17T15:44:43.464Z] Time:          Sun Mar 17 2024 22:44:43 GMT+0700 (Indochina Time)
[debug] [2024-03-17T15:44:43.465Z] ----------------------------------------------------------------------
[debug] 
[debug] [2024-03-17T15:44:43.470Z] > command requires scopes: ["email","openid","https://www.googleapis.com/auth/cloudplatformprojects.readonly","https://www.googleapis.com/auth/firebase","https://www.googleapis.com/auth/cloud-platform"]
[debug] [2024-03-17T15:44:43.471Z] > authorizing via signed-in user (phiromkong2002@gmail.com)
[info] 
     ######## #### ########  ######## ########     ###     ######  ########
     ##        ##  ##     ## ##       ##     ##  ##   ##  ##       ##
     ######    ##  ########  ######   ########  #########  ######  ######
     ##        ##  ##    ##  ##       ##     ## ##     ##       ## ##
     ##       #### ##     ## ######## ########  ##     ##  ######  ########

You're about to initialize a Firebase project in this directory:

  D:\Internship\green-biz-technology-school-website

[info] 
=== Project Setup
[info] 
[info] First, let's associate this project directory with a Firebase project.
[info] You can create multiple project aliases by running firebase use --add, 
[info] but for now we'll just set up a default project.
[info] 
[debug] [2024-03-17T15:44:51.286Z] >>> [apiv2][query] GET https://firebase.googleapis.com/v1beta1/projects pageSize=100
[debug] [2024-03-17T15:44:51.986Z] <<< [apiv2][status] GET https://firebase.googleapis.com/v1beta1/projects 200
[debug] [2024-03-17T15:44:51.987Z] <<< [apiv2][body] GET https://firebase.googleapis.com/v1beta1/projects [omitted]
[info] i  Using project green-biz-technology-sch-58fb8 (Green Biz Technology School) 
[info] 
=== Hosting Setup
[debug] [2024-03-17T15:44:53.236Z] >>> [apiv2][query] GET https://firebase.googleapis.com/v1beta1/projects/green-biz-technology-sch-58fb8 [none]
[debug] [2024-03-17T15:44:53.848Z] <<< [apiv2][status] GET https://firebase.googleapis.com/v1beta1/projects/green-biz-technology-sch-58fb8 200
[debug] [2024-03-17T15:44:53.848Z] <<< [apiv2][body] GET https://firebase.googleapis.com/v1beta1/projects/green-biz-technology-sch-58fb8 {"projectId":"green-biz-technology-sch-58fb8","projectNumber":"124295713356","displayName":"Green Biz Technology School","name":"projects/green-biz-technology-sch-58fb8","resources":{"hostingSite":"green-biz-technology-sch-58fb8","storageBucket":"green-biz-technology-sch-58fb8.appspot.com","locationId":"asia-southeast1"},"state":"ACTIVE","etag":"1_af874fb2-e355-4381-9c58-3a8cc0d4a055"}
[info] 
[info] Your public directory is the folder (relative to your project directory) that
[info] will contain Hosting assets to be uploaded with firebase deploy. If you
[info] have a build process for your assets, use your build's output directory.
[info] 
[info] +  Wrote public/404.html 
[debug] [2024-03-17T15:45:00.717Z] >>> [apiv2][query] GET https://www.gstatic.com/firebasejs/releases.json [none]
[debug] [2024-03-17T15:45:00.902Z] <<< [apiv2][status] GET https://www.gstatic.com/firebasejs/releases.json 200
[debug] [2024-03-17T15:45:00.902Z] <<< [apiv2][body] GET https://www.gstatic.com/firebasejs/releases.json {"current":{"version":"10.9.0","browserURL":"https://www.gstatic.com/firebasejs/10.9.0/firebase.js","packageURL":"https://www.gstatic.com/firebasejs/10.9.0/firebase.tgz"},"live":{"version":"10.9","browserURL":"https://www.gstatic.com/firebasejs/live/10.9/firebase.js","packageURL":"https://www.gstatic.com/firebasejs/live/10.9/firebase.tgz"},"components":{"analytics":"https://www.gstatic.com/firebasejs/10.9.0/firebase-analytics.js","app":"https://www.gstatic.com/firebasejs/10.9.0/firebase-app.js","app-check":"https://www.gstatic.com/firebasejs/10.9.0/firebase-app-check.js","auth":"https://www.gstatic.com/firebasejs/10.9.0/firebase-auth.js","auth/cordova":"https://www.gstatic.com/firebasejs/10.9.0/firebase-auth/cordova.js","auth/web-extension":"https://www.gstatic.com/firebasejs/10.9.0/firebase-auth/web-extension.js","functions":"https://www.gstatic.com/firebasejs/10.9.0/firebase-functions.js","firestore":"https://www.gstatic.com/firebasejs/10.9.0/firebase-firestore.js","firestore/lite":"https://www.gstatic.com/firebasejs/10.9.0/firebase-firestore/lite.js","installations":"https://www.gstatic.com/firebasejs/10.9.0/firebase-installations.js","storage":"https://www.gstatic.com/firebasejs/10.9.0/firebase-storage.js","performance":"https://www.gstatic.com/firebasejs/10.9.0/firebase-performance.js","remote-config":"https://www.gstatic.com/firebasejs/10.9.0/firebase-remote-config.js","messaging":"https://www.gstatic.com/firebasejs/10.9.0/firebase-messaging.js","messaging/sw":"https://www.gstatic.com/firebasejs/10.9.0/firebase-messaging/sw.js","database":"https://www.gstatic.com/firebasejs/10.9.0/firebase-database.js","firestore.memory":"https://www.gstatic.com/firebasejs/10.9.0/firebase-firestore.memory.js"}}
[info] +  Wrote public/index.html 
[info] 
[info] i  Detected a .git folder at D:\Internship\green-biz-technology-school-website 
[info] i  Authorizing with GitHub to upload your service account to a GitHub repository's secrets store. 
[info] 
[info] Visit this URL on this device to log in:
[info] https://github.com/login/oauth/authorize?client_id=89cf50f02ac6aaed3484&state=941664754&redirect_uri=http%3A%2F%2Flocalhost%3A9005&scope=read%3Auser%20repo%20public_repo
[info] 
[info] Waiting for authentication...
[debug] [2024-03-17T15:45:18.822Z] >>> [apiv2][query] POST https://github.com/login/oauth/access_token [none]
[debug] [2024-03-17T15:45:18.822Z] >>> [apiv2][body] POST https://github.com/login/oauth/access_token [stream]
[debug] [2024-03-17T15:45:19.339Z] <<< [apiv2][status] POST https://github.com/login/oauth/access_token 200
[debug] [2024-03-17T15:45:19.339Z] <<< [apiv2][body] POST https://github.com/login/oauth/access_token {"access_token":"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","token_type":"bearer","scope":"read:user,repo"}
[debug] [2024-03-17T15:45:19.345Z] >>> [apiv2][query] GET https://api.github.com/user [none]
[debug] [2024-03-17T15:45:19.883Z] <<< [apiv2][status] GET https://api.github.com/user 200
[debug] [2024-03-17T15:45:19.883Z] <<< [apiv2][body] GET https://api.github.com/user {"login":"phiromkong","id":102886393,"node_id":"U_kgDOBiHr-Q","avatar_url":"https://avatars.githubusercontent.com/u/102886393?v=4","gravatar_id":"","url":"https://api.github.com/users/phiromkong","html_url":"https://github.com/phiromkong","followers_url":"https://api.github.com/users/phiromkong/followers","following_url":"https://api.github.com/users/phiromkong/following{/other_user}","gists_url":"https://api.github.com/users/phiromkong/gists{/gist_id}","starred_url":"https://api.github.com/users/phiromkong/starred{/owner}{/repo}","subscriptions_url":"https://api.github.com/users/phiromkong/subscriptions","organizations_url":"https://api.github.com/users/phiromkong/orgs","repos_url":"https://api.github.com/users/phiromkong/repos","events_url":"https://api.github.com/users/phiromkong/events{/privacy}","received_events_url":"https://api.github.com/users/phiromkong/received_events","type":"User","site_admin":false,"name":null,"company":null,"blog":"","location":null,"email":null,"hireable":null,"bio":null,"twitter_username":null,"public_repos":4,"public_gists":0,"followers":0,"following":0,"created_at":"2022-04-03T01:43:52Z","updated_at":"2024-03-17T15:40:42Z","private_gists":0,"total_private_repos":4,"owned_private_repos":4,"disk_usage":110188,"collaborators":3,"two_factor_authentication":false,"plan":{"name":"pro","space":976562499,"collaborators":0,"private_repos":9999}}
[info] 
[info] +  Success! Logged into GitHub as phiromkong 
[info] 
[debug] [2024-03-17T15:45:38.869Z] >>> [apiv2][query] GET https://api.github.com/repos/phiromkong/green-biz-technology-school-website/actions/secrets/public-key type=owner
[debug] [2024-03-17T15:45:39.390Z] <<< [apiv2][status] GET https://api.github.com/repos/phiromkong/green-biz-technology-school-website/actions/secrets/public-key 404
[debug] [2024-03-17T15:45:39.390Z] <<< [apiv2][body] GET https://api.github.com/repos/phiromkong/green-biz-technology-school-website/actions/secrets/public-key {"message":"Not Found","documentation_url":"https://docs.github.com/rest/actions/secrets#get-a-repository-public-key"}
[info] 
[info] 
[error] !  The provided authorization cannot be used with this repository. If this repository is in an organization, did you remember to grant access? 
[info] 
[info] i  Action required: Visit this URL to ensure access has been granted to the appropriate organization(s) for the Firebase CLI GitHub OAuth App: 
[info] https://github.com/settings/connections/applications/89cf50f02ac6aaed3484
[info] 
